Determining if the pthread_create exist failed with the following output:
Change Dir: /media/ess/DATADRIVE1/merge_share/OpenGLLearning/glfw-3.3.2/BUILD/CMakeFiles/CMakeTmp

Run Build Command:"/usr/bin/make" "cmTC_33566/fast"
/usr/bin/make -f CMakeFiles/cmTC_33566.dir/build.make CMakeFiles/cmTC_33566.dir/build
make[1]: Entering directory '/media/ess/DATADRIVE1/merge_share/OpenGLLearning/glfw-3.3.2/BUILD/CMakeFiles/CMakeTmp'
Building C object CMakeFiles/cmTC_33566.dir/CheckSymbolExists.c.o
/usr/bin/cc    -o CMakeFiles/cmTC_33566.dir/CheckSymbolExists.c.o   -c /media/ess/DATADRIVE1/merge_share/OpenGLLearning/glfw-3.3.2/BUILD/CMakeFiles/CMakeTmp/CheckSymbolExists.c
Linking C executable cmTC_33566
/usr/local/bin/cmake -E cmake_link_script CMakeFiles/cmTC_33566.dir/link.txt --verbose=1
/usr/bin/cc      -rdynamic CMakeFiles/cmTC_33566.dir/CheckSymbolExists.c.o  -o cmTC_33566 
CMakeFiles/cmTC_33566.dir/CheckSymbolExists.c.o: In function `main':
CheckSymbolExists.c:(.text+0x16): undefined reference to `pthread_create'
collect2: error: ld returned 1 exit status
CMakeFiles/cmTC_33566.dir/build.make:86: recipe for target 'cmTC_33566' failed
make[1]: *** [cmTC_33566] Error 1
make[1]: Leaving directory '/media/ess/DATADRIVE1/merge_share/OpenGLLearning/glfw-3.3.2/BUILD/CMakeFiles/CMakeTmp'
Makefile:126: recipe for target 'cmTC_33566/fast' failed
make: *** [cmTC_33566/fast] Error 2

File /media/ess/DATADRIVE1/merge_share/OpenGLLearning/glfw-3.3.2/BUILD/CMakeFiles/CMakeTmp/CheckSymbolExists.c:
/* */
#include <pthread.h>

int main(int argc, char** argv)
{
  (void)argv;
#ifndef pthread_create
  return ((int*)(&pthread_create))[argc];
#else
  (void)argc;
  return 0;
#endif
}

Determining if the function pthread_create exists in the pthreads failed with the following output:
Change Dir: /media/ess/DATADRIVE1/merge_share/OpenGLLearning/glfw-3.3.2/BUILD/CMakeFiles/CMakeTmp

Run Build Command:"/usr/bin/make" "cmTC_bb60d/fast"
/usr/bin/make -f CMakeFiles/cmTC_bb60d.dir/build.make CMakeFiles/cmTC_bb60d.dir/build
make[1]: Entering directory '/media/ess/DATADRIVE1/merge_share/OpenGLLearning/glfw-3.3.2/BUILD/CMakeFiles/CMakeTmp'
Building C object CMakeFiles/cmTC_bb60d.dir/CheckFunctionExists.c.o
/usr/bin/cc   -DCHECK_FUNCTION_EXISTS=pthread_create   -o CMakeFiles/cmTC_bb60d.dir/CheckFunctionExists.c.o   -c /usr/local/share/cmake-3.11/Modules/CheckFunctionExists.c
Linking C executable cmTC_bb60d
/usr/local/bin/cmake -E cmake_link_script CMakeFiles/cmTC_bb60d.dir/link.txt --verbose=1
/usr/bin/cc  -DCHECK_FUNCTION_EXISTS=pthread_create    -rdynamic CMakeFiles/cmTC_bb60d.dir/CheckFunctionExists.c.o  -o cmTC_bb60d -lpthreads 
/usr/bin/ld: cannot find -lpthreads
collect2: error: ld returned 1 exit status
CMakeFiles/cmTC_bb60d.dir/build.make:86: recipe for target 'cmTC_bb60d' failed
make[1]: *** [cmTC_bb60d] Error 1
make[1]: Leaving directory '/media/ess/DATADRIVE1/merge_share/OpenGLLearning/glfw-3.3.2/BUILD/CMakeFiles/CMakeTmp'
Makefile:126: recipe for target 'cmTC_bb60d/fast' failed
make: *** [cmTC_bb60d/fast] Error 2


